<?xml version="1.0" encoding="UTF-8"?>
<testsuite xmlns:xsi="http://www.w3.org/2001/XMLSchema-instance" xsi:noNamespaceSchemaLocation="https://maven.apache.org/surefire/maven-surefire-plugin/xsd/surefire-test-report.xsd" name="de.esentri.javabasics.CryptoServiceTest" time="0.054" tests="8" errors="0" skipped="0" failures="8">
  <properties>
    <property name="java.specification.version" value="17"/>
    <property name="sun.jnu.encoding" value="UTF-8"/>
    <property name="java.class.path" value="/Users/stephenkamau/Documents/Schaltjahre/praktikum-java-basics-master@930e9a3487f/target/test-classes:/Users/stephenkamau/Documents/Schaltjahre/praktikum-java-basics-master@930e9a3487f/target/classes:/Users/stephenkamau/.m2/repository/org/springframework/boot/spring-boot-starter/2.5.5/spring-boot-starter-2.5.5.jar:/Users/stephenkamau/.m2/repository/org/springframework/boot/spring-boot/2.5.5/spring-boot-2.5.5.jar:/Users/stephenkamau/.m2/repository/org/springframework/spring-context/5.3.10/spring-context-5.3.10.jar:/Users/stephenkamau/.m2/repository/org/springframework/spring-aop/5.3.10/spring-aop-5.3.10.jar:/Users/stephenkamau/.m2/repository/org/springframework/spring-beans/5.3.10/spring-beans-5.3.10.jar:/Users/stephenkamau/.m2/repository/org/springframework/spring-expression/5.3.10/spring-expression-5.3.10.jar:/Users/stephenkamau/.m2/repository/org/springframework/boot/spring-boot-autoconfigure/2.5.5/spring-boot-autoconfigure-2.5.5.jar:/Users/stephenkamau/.m2/repository/org/springframework/boot/spring-boot-starter-logging/2.5.5/spring-boot-starter-logging-2.5.5.jar:/Users/stephenkamau/.m2/repository/ch/qos/logback/logback-classic/1.2.6/logback-classic-1.2.6.jar:/Users/stephenkamau/.m2/repository/ch/qos/logback/logback-core/1.2.6/logback-core-1.2.6.jar:/Users/stephenkamau/.m2/repository/org/apache/logging/log4j/log4j-to-slf4j/2.14.1/log4j-to-slf4j-2.14.1.jar:/Users/stephenkamau/.m2/repository/org/apache/logging/log4j/log4j-api/2.14.1/log4j-api-2.14.1.jar:/Users/stephenkamau/.m2/repository/org/slf4j/jul-to-slf4j/1.7.32/jul-to-slf4j-1.7.32.jar:/Users/stephenkamau/.m2/repository/jakarta/annotation/jakarta.annotation-api/1.3.5/jakarta.annotation-api-1.3.5.jar:/Users/stephenkamau/.m2/repository/org/springframework/spring-core/5.3.10/spring-core-5.3.10.jar:/Users/stephenkamau/.m2/repository/org/springframework/spring-jcl/5.3.10/spring-jcl-5.3.10.jar:/Users/stephenkamau/.m2/repository/org/yaml/snakeyaml/1.28/snakeyaml-1.28.jar:/Users/stephenkamau/.m2/repository/junit/junit/4.13.2/junit-4.13.2.jar:/Users/stephenkamau/.m2/repository/org/hamcrest/hamcrest-core/2.2/hamcrest-core-2.2.jar:/Users/stephenkamau/.m2/repository/org/springframework/boot/spring-boot-starter-test/2.5.5/spring-boot-starter-test-2.5.5.jar:/Users/stephenkamau/.m2/repository/org/springframework/boot/spring-boot-test/2.5.5/spring-boot-test-2.5.5.jar:/Users/stephenkamau/.m2/repository/org/springframework/boot/spring-boot-test-autoconfigure/2.5.5/spring-boot-test-autoconfigure-2.5.5.jar:/Users/stephenkamau/.m2/repository/com/jayway/jsonpath/json-path/2.5.0/json-path-2.5.0.jar:/Users/stephenkamau/.m2/repository/net/minidev/json-smart/2.4.7/json-smart-2.4.7.jar:/Users/stephenkamau/.m2/repository/net/minidev/accessors-smart/2.4.7/accessors-smart-2.4.7.jar:/Users/stephenkamau/.m2/repository/org/ow2/asm/asm/9.1/asm-9.1.jar:/Users/stephenkamau/.m2/repository/org/slf4j/slf4j-api/1.7.32/slf4j-api-1.7.32.jar:/Users/stephenkamau/.m2/repository/jakarta/xml/bind/jakarta.xml.bind-api/2.3.3/jakarta.xml.bind-api-2.3.3.jar:/Users/stephenkamau/.m2/repository/jakarta/activation/jakarta.activation-api/1.2.2/jakarta.activation-api-1.2.2.jar:/Users/stephenkamau/.m2/repository/org/assertj/assertj-core/3.19.0/assertj-core-3.19.0.jar:/Users/stephenkamau/.m2/repository/org/hamcrest/hamcrest/2.2/hamcrest-2.2.jar:/Users/stephenkamau/.m2/repository/org/junit/jupiter/junit-jupiter/5.7.2/junit-jupiter-5.7.2.jar:/Users/stephenkamau/.m2/repository/org/junit/jupiter/junit-jupiter-api/5.7.2/junit-jupiter-api-5.7.2.jar:/Users/stephenkamau/.m2/repository/org/apiguardian/apiguardian-api/1.1.0/apiguardian-api-1.1.0.jar:/Users/stephenkamau/.m2/repository/org/opentest4j/opentest4j/1.2.0/opentest4j-1.2.0.jar:/Users/stephenkamau/.m2/repository/org/junit/platform/junit-platform-commons/1.7.2/junit-platform-commons-1.7.2.jar:/Users/stephenkamau/.m2/repository/org/junit/jupiter/junit-jupiter-params/5.7.2/junit-jupiter-params-5.7.2.jar:/Users/stephenkamau/.m2/repository/org/junit/jupiter/junit-jupiter-engine/5.7.2/junit-jupiter-engine-5.7.2.jar:/Users/stephenkamau/.m2/repository/org/junit/platform/junit-platform-engine/1.7.2/junit-platform-engine-1.7.2.jar:/Users/stephenkamau/.m2/repository/org/mockito/mockito-core/3.9.0/mockito-core-3.9.0.jar:/Users/stephenkamau/.m2/repository/net/bytebuddy/byte-buddy/1.10.22/byte-buddy-1.10.22.jar:/Users/stephenkamau/.m2/repository/net/bytebuddy/byte-buddy-agent/1.10.22/byte-buddy-agent-1.10.22.jar:/Users/stephenkamau/.m2/repository/org/objenesis/objenesis/3.2/objenesis-3.2.jar:/Users/stephenkamau/.m2/repository/org/mockito/mockito-junit-jupiter/3.9.0/mockito-junit-jupiter-3.9.0.jar:/Users/stephenkamau/.m2/repository/org/skyscreamer/jsonassert/1.5.0/jsonassert-1.5.0.jar:/Users/stephenkamau/.m2/repository/com/vaadin/external/google/android-json/0.0.20131108.vaadin1/android-json-0.0.20131108.vaadin1.jar:/Users/stephenkamau/.m2/repository/org/springframework/spring-test/5.3.10/spring-test-5.3.10.jar:/Users/stephenkamau/.m2/repository/org/xmlunit/xmlunit-core/2.8.2/xmlunit-core-2.8.2.jar:"/>
    <property name="java.vm.vendor" value="Oracle Corporation"/>
    <property name="sun.arch.data.model" value="64"/>
    <property name="java.vendor.url" value="https://java.oracle.com/"/>
    <property name="os.name" value="Mac OS X"/>
    <property name="java.vm.specification.version" value="17"/>
    <property name="sun.java.launcher" value="SUN_STANDARD"/>
    <property name="user.country" value="DE"/>
    <property name="sun.boot.library.path" value="/Users/stephenkamau/Library/Java/JavaVirtualMachines/openjdk-17/Contents/Home/lib"/>
    <property name="sun.java.command" value="/Users/stephenkamau/Documents/Schaltjahre/praktikum-java-basics-master@930e9a3487f/target/surefire/surefirebooter7708934841136083741.jar /Users/stephenkamau/Documents/Schaltjahre/praktikum-java-basics-master@930e9a3487f/target/surefire 2021-11-26T11-22-56_762-jvmRun1 surefire10810455472039130244tmp surefire_012784751007329537207tmp"/>
    <property name="jdk.debug" value="release"/>
    <property name="surefire.test.class.path" value="/Users/stephenkamau/Documents/Schaltjahre/praktikum-java-basics-master@930e9a3487f/target/test-classes:/Users/stephenkamau/Documents/Schaltjahre/praktikum-java-basics-master@930e9a3487f/target/classes:/Users/stephenkamau/.m2/repository/org/springframework/boot/spring-boot-starter/2.5.5/spring-boot-starter-2.5.5.jar:/Users/stephenkamau/.m2/repository/org/springframework/boot/spring-boot/2.5.5/spring-boot-2.5.5.jar:/Users/stephenkamau/.m2/repository/org/springframework/spring-context/5.3.10/spring-context-5.3.10.jar:/Users/stephenkamau/.m2/repository/org/springframework/spring-aop/5.3.10/spring-aop-5.3.10.jar:/Users/stephenkamau/.m2/repository/org/springframework/spring-beans/5.3.10/spring-beans-5.3.10.jar:/Users/stephenkamau/.m2/repository/org/springframework/spring-expression/5.3.10/spring-expression-5.3.10.jar:/Users/stephenkamau/.m2/repository/org/springframework/boot/spring-boot-autoconfigure/2.5.5/spring-boot-autoconfigure-2.5.5.jar:/Users/stephenkamau/.m2/repository/org/springframework/boot/spring-boot-starter-logging/2.5.5/spring-boot-starter-logging-2.5.5.jar:/Users/stephenkamau/.m2/repository/ch/qos/logback/logback-classic/1.2.6/logback-classic-1.2.6.jar:/Users/stephenkamau/.m2/repository/ch/qos/logback/logback-core/1.2.6/logback-core-1.2.6.jar:/Users/stephenkamau/.m2/repository/org/apache/logging/log4j/log4j-to-slf4j/2.14.1/log4j-to-slf4j-2.14.1.jar:/Users/stephenkamau/.m2/repository/org/apache/logging/log4j/log4j-api/2.14.1/log4j-api-2.14.1.jar:/Users/stephenkamau/.m2/repository/org/slf4j/jul-to-slf4j/1.7.32/jul-to-slf4j-1.7.32.jar:/Users/stephenkamau/.m2/repository/jakarta/annotation/jakarta.annotation-api/1.3.5/jakarta.annotation-api-1.3.5.jar:/Users/stephenkamau/.m2/repository/org/springframework/spring-core/5.3.10/spring-core-5.3.10.jar:/Users/stephenkamau/.m2/repository/org/springframework/spring-jcl/5.3.10/spring-jcl-5.3.10.jar:/Users/stephenkamau/.m2/repository/org/yaml/snakeyaml/1.28/snakeyaml-1.28.jar:/Users/stephenkamau/.m2/repository/junit/junit/4.13.2/junit-4.13.2.jar:/Users/stephenkamau/.m2/repository/org/hamcrest/hamcrest-core/2.2/hamcrest-core-2.2.jar:/Users/stephenkamau/.m2/repository/org/springframework/boot/spring-boot-starter-test/2.5.5/spring-boot-starter-test-2.5.5.jar:/Users/stephenkamau/.m2/repository/org/springframework/boot/spring-boot-test/2.5.5/spring-boot-test-2.5.5.jar:/Users/stephenkamau/.m2/repository/org/springframework/boot/spring-boot-test-autoconfigure/2.5.5/spring-boot-test-autoconfigure-2.5.5.jar:/Users/stephenkamau/.m2/repository/com/jayway/jsonpath/json-path/2.5.0/json-path-2.5.0.jar:/Users/stephenkamau/.m2/repository/net/minidev/json-smart/2.4.7/json-smart-2.4.7.jar:/Users/stephenkamau/.m2/repository/net/minidev/accessors-smart/2.4.7/accessors-smart-2.4.7.jar:/Users/stephenkamau/.m2/repository/org/ow2/asm/asm/9.1/asm-9.1.jar:/Users/stephenkamau/.m2/repository/org/slf4j/slf4j-api/1.7.32/slf4j-api-1.7.32.jar:/Users/stephenkamau/.m2/repository/jakarta/xml/bind/jakarta.xml.bind-api/2.3.3/jakarta.xml.bind-api-2.3.3.jar:/Users/stephenkamau/.m2/repository/jakarta/activation/jakarta.activation-api/1.2.2/jakarta.activation-api-1.2.2.jar:/Users/stephenkamau/.m2/repository/org/assertj/assertj-core/3.19.0/assertj-core-3.19.0.jar:/Users/stephenkamau/.m2/repository/org/hamcrest/hamcrest/2.2/hamcrest-2.2.jar:/Users/stephenkamau/.m2/repository/org/junit/jupiter/junit-jupiter/5.7.2/junit-jupiter-5.7.2.jar:/Users/stephenkamau/.m2/repository/org/junit/jupiter/junit-jupiter-api/5.7.2/junit-jupiter-api-5.7.2.jar:/Users/stephenkamau/.m2/repository/org/apiguardian/apiguardian-api/1.1.0/apiguardian-api-1.1.0.jar:/Users/stephenkamau/.m2/repository/org/opentest4j/opentest4j/1.2.0/opentest4j-1.2.0.jar:/Users/stephenkamau/.m2/repository/org/junit/platform/junit-platform-commons/1.7.2/junit-platform-commons-1.7.2.jar:/Users/stephenkamau/.m2/repository/org/junit/jupiter/junit-jupiter-params/5.7.2/junit-jupiter-params-5.7.2.jar:/Users/stephenkamau/.m2/repository/org/junit/jupiter/junit-jupiter-engine/5.7.2/junit-jupiter-engine-5.7.2.jar:/Users/stephenkamau/.m2/repository/org/junit/platform/junit-platform-engine/1.7.2/junit-platform-engine-1.7.2.jar:/Users/stephenkamau/.m2/repository/org/mockito/mockito-core/3.9.0/mockito-core-3.9.0.jar:/Users/stephenkamau/.m2/repository/net/bytebuddy/byte-buddy/1.10.22/byte-buddy-1.10.22.jar:/Users/stephenkamau/.m2/repository/net/bytebuddy/byte-buddy-agent/1.10.22/byte-buddy-agent-1.10.22.jar:/Users/stephenkamau/.m2/repository/org/objenesis/objenesis/3.2/objenesis-3.2.jar:/Users/stephenkamau/.m2/repository/org/mockito/mockito-junit-jupiter/3.9.0/mockito-junit-jupiter-3.9.0.jar:/Users/stephenkamau/.m2/repository/org/skyscreamer/jsonassert/1.5.0/jsonassert-1.5.0.jar:/Users/stephenkamau/.m2/repository/com/vaadin/external/google/android-json/0.0.20131108.vaadin1/android-json-0.0.20131108.vaadin1.jar:/Users/stephenkamau/.m2/repository/org/springframework/spring-test/5.3.10/spring-test-5.3.10.jar:/Users/stephenkamau/.m2/repository/org/xmlunit/xmlunit-core/2.8.2/xmlunit-core-2.8.2.jar:"/>
    <property name="sun.cpu.endian" value="little"/>
    <property name="user.home" value="/Users/stephenkamau"/>
    <property name="user.language" value="de"/>
    <property name="java.specification.vendor" value="Oracle Corporation"/>
    <property name="java.version.date" value="2021-09-14"/>
    <property name="java.home" value="/Users/stephenkamau/Library/Java/JavaVirtualMachines/openjdk-17/Contents/Home"/>
    <property name="file.separator" value="/"/>
    <property name="basedir" value="/Users/stephenkamau/Documents/Schaltjahre/praktikum-java-basics-master@930e9a3487f"/>
    <property name="java.vm.compressedOopsMode" value="Zero based"/>
    <property name="line.separator" value="&#10;"/>
    <property name="java.vm.specification.vendor" value="Oracle Corporation"/>
    <property name="java.specification.name" value="Java Platform API Specification"/>
    <property name="surefire.real.class.path" value="/Users/stephenkamau/Documents/Schaltjahre/praktikum-java-basics-master@930e9a3487f/target/surefire/surefirebooter7708934841136083741.jar"/>
    <property name="sun.management.compiler" value="HotSpot 64-Bit Tiered Compilers"/>
    <property name="java.runtime.version" value="17+35-2724"/>
    <property name="user.name" value="stephenkamau"/>
    <property name="path.separator" value=":"/>
    <property name="os.version" value="12.0.1"/>
    <property name="java.runtime.name" value="OpenJDK Runtime Environment"/>
    <property name="file.encoding" value="UTF-8"/>
    <property name="java.vm.name" value="OpenJDK 64-Bit Server VM"/>
    <property name="localRepository" value="/Users/stephenkamau/.m2/repository"/>
    <property name="java.vendor.url.bug" value="https://bugreport.java.com/bugreport/"/>
    <property name="java.io.tmpdir" value="/var/folders/48/666nzcs53474n2gt78bkxpfm0000gp/T/"/>
    <property name="idea.version" value="2021.2.2"/>
    <property name="java.version" value="17"/>
    <property name="user.dir" value="/Users/stephenkamau/Documents/Schaltjahre/praktikum-java-basics-master@930e9a3487f"/>
    <property name="os.arch" value="x86_64"/>
    <property name="java.vm.specification.name" value="Java Virtual Machine Specification"/>
    <property name="native.encoding" value="UTF-8"/>
    <property name="java.library.path" value="/Users/stephenkamau/Library/Java/Extensions:/Library/Java/Extensions:/Network/Library/Java/Extensions:/System/Library/Java/Extensions:/usr/lib/java:."/>
    <property name="java.vm.info" value="mixed mode, sharing"/>
    <property name="java.vendor" value="Oracle Corporation"/>
    <property name="java.vm.version" value="17+35-2724"/>
    <property name="sun.io.unicode.encoding" value="UnicodeBig"/>
    <property name="java.class.version" value="61.0"/>
  </properties>
  <testcase name="decryptTest_Snhtqfx" classname="de.esentri.javabasics.CryptoServiceTest" time="0.028">
    <failure message="expected: &lt;Nicolas&gt; but was: &lt;null&gt;" type="org.opentest4j.AssertionFailedError"><![CDATA[org.opentest4j.AssertionFailedError: expected: <Nicolas> but was: <null>
	at de.esentri.javabasics.CryptoServiceTest.decryptTest_Snhtqfx(CryptoServiceTest.java:53)
]]></failure>
    <system-out><![CDATA[

would you like to decrypt your text?
Continue? y/n
java.util.stream.IntPipeline$Head@4ae3c1cdjava.util.stream.IntPipeline$Head@4ae3c1cdjava.util.stream.IntPipeline$Head@4ae3c1cdjava.util.stream.IntPipeline$Head@4ae3c1cdjava.util.stream.IntPipeline$Head@4ae3c1cdjava.util.stream.IntPipeline$Head@4ae3c1cdjava.util.stream.IntPipeline$Head@4ae3c1cdjava.util.stream.IntPipeline$Head@4ae3c1cdjava.util.stream.IntPipeline$Head@4ae3c1cdjava.util.stream.IntPipeline$Head@4ae3c1cdjava.util.stream.IntPipeline$Head@4ae3c1cdjava.util.stream.IntPipeline$Head@4ae3c1cdjava.util.stream.IntPipeline$Head@4ae3c1cdjava.util.stream.IntPipeline$Head@4ae3c1cdjava.util.stream.IntPipeline$Head@4ae3c1cdjava.util.stream.IntPipeline$Head@4ae3c1cdjava.util.stream.IntPipeline$Head@4ae3c1cdjava.util.stream.IntPipeline$Head@4ae3c1cdjava.util.stream.IntPipeline$Head@4ae3c1cdjava.util.stream.IntPipeline$Head@4ae3c1cdjava.util.stream.IntPipeline$Head@4ae3c1cdjava.util.stream.IntPipeline$Head@4ae3c1cdjava.util.stream.IntPipeline$Head@4ae3c1cdjava.util.stream.IntPipeline$Head@4ae3c1cdjava.util.stream.IntPipeline$Head@4ae3c1cdjava.util.stream.IntPipeline$Head@4ae3c1cdjava.util.stream.IntPipeline$Head@4ae3c1cdjava.util.stream.IntPipeline$Head@4ae3c1cdjava.util.stream.IntPipeline$Head@4ae3c1cdjava.util.stream.IntPipeline$Head@4ae3c1cdjava.util.stream.IntPipeline$Head@4ae3c1cdjava.util.stream.IntPipeline$Head@4ae3c1cdjava.util.stream.IntPipeline$Head@4ae3c1cdjava.util.stream.IntPipeline$Head@4ae3c1cdjava.util.stream.IntPipeline$Head@4ae3c1cdjava.util.stream.IntPipeline$Head@4ae3c1cdjava.util.stream.IntPipeline$Head@4ae3c1cdjava.util.stream.IntPipeline$Head@4ae3c1cdjava.util.stream.IntPipeline$Head@4ae3c1cdjava.util.stream.IntPipeline$Head@4ae3c1cdjava.util.stream.IntPipeline$Head@4ae3c1cdjava.util.stream.IntPipeline$Head@4ae3c1cd]]></system-out>
  </testcase>
  <testcase name="encryptTest_zZzzZ" classname="de.esentri.javabasics.CryptoServiceTest" time="0">
    <failure message="expected: &lt;eEeeE&gt; but was: &lt;null&gt;" type="org.opentest4j.AssertionFailedError"><![CDATA[org.opentest4j.AssertionFailedError: expected: <eEeeE> but was: <null>
	at de.esentri.javabasics.CryptoServiceTest.encryptTest_zZzzZ(CryptoServiceTest.java:35)
]]></failure>
    <system-out><![CDATA[Snhtqfx]]></system-out>
  </testcase>
  <testcase name="decryptTest_Satz" classname="de.esentri.javabasics.CryptoServiceTest" time="0.005">
    <failure message="expected: &lt;Ein ganzer Satz, wow!&gt; but was: &lt;null&gt;" type="org.opentest4j.AssertionFailedError"><![CDATA[org.opentest4j.AssertionFailedError: expected: <Ein ganzer Satz, wow!> but was: <null>
	at de.esentri.javabasics.CryptoServiceTest.decryptTest_Satz(CryptoServiceTest.java:80)
]]></failure>
    <system-out><![CDATA[

would you like to decrypt your text?
Continue? y/n
java.util.stream.IntPipeline$Head@3e3047e6java.util.stream.IntPipeline$Head@3e3047e6java.util.stream.IntPipeline$Head@3e3047e6java.util.stream.IntPipeline$Head@3e3047e6java.util.stream.IntPipeline$Head@3e3047e6java.util.stream.IntPipeline$Head@3e3047e6java.util.stream.IntPipeline$Head@3e3047e6java.util.stream.IntPipeline$Head@3e3047e6java.util.stream.IntPipeline$Head@3e3047e6java.util.stream.IntPipeline$Head@3e3047e6java.util.stream.IntPipeline$Head@3e3047e6java.util.stream.IntPipeline$Head@3e3047e6java.util.stream.IntPipeline$Head@3e3047e6java.util.stream.IntPipeline$Head@3e3047e6java.util.stream.IntPipeline$Head@3e3047e6java.util.stream.IntPipeline$Head@3e3047e6java.util.stream.IntPipeline$Head@3e3047e6java.util.stream.IntPipeline$Head@3e3047e6java.util.stream.IntPipeline$Head@3e3047e6java.util.stream.IntPipeline$Head@3e3047e6java.util.stream.IntPipeline$Head@3e3047e6java.util.stream.IntPipeline$Head@3e3047e6java.util.stream.IntPipeline$Head@3e3047e6java.util.stream.IntPipeline$Head@3e3047e6java.util.stream.IntPipeline$Head@3e3047e6java.util.stream.IntPipeline$Head@3e3047e6java.util.stream.IntPipeline$Head@3e3047e6java.util.stream.IntPipeline$Head@3e3047e6java.util.stream.IntPipeline$Head@3e3047e6java.util.stream.IntPipeline$Head@3e3047e6java.util.stream.IntPipeline$Head@3e3047e6java.util.stream.IntPipeline$Head@3e3047e6java.util.stream.IntPipeline$Head@3e3047e6java.util.stream.IntPipeline$Head@3e3047e6java.util.stream.IntPipeline$Head@3e3047e6java.util.stream.IntPipeline$Head@3e3047e6java.util.stream.IntPipeline$Head@3e3047e6java.util.stream.IntPipeline$Head@3e3047e6java.util.stream.IntPipeline$Head@3e3047e6java.util.stream.IntPipeline$Head@3e3047e6java.util.stream.IntPipeline$Head@3e3047e6java.util.stream.IntPipeline$Head@3e3047e6]]></system-out>
  </testcase>
  <testcase name="decryptTest_Y1qq" classname="de.esentri.javabasics.CryptoServiceTest" time="0.011">
    <failure message="expected: &lt;T1ll&gt; but was: &lt;null&gt;" type="org.opentest4j.AssertionFailedError"><![CDATA[org.opentest4j.AssertionFailedError: expected: <T1ll> but was: <null>
	at de.esentri.javabasics.CryptoServiceTest.decryptTest_Y1qq(CryptoServiceTest.java:62)
]]></failure>
    <system-out><![CDATA[

would you like to decrypt your text?
Continue? y/n
java.util.stream.IntPipeline$Head@5db45159java.util.stream.IntPipeline$Head@5db45159java.util.stream.IntPipeline$Head@5db45159java.util.stream.IntPipeline$Head@5db45159java.util.stream.IntPipeline$Head@5db45159java.util.stream.IntPipeline$Head@5db45159java.util.stream.IntPipeline$Head@5db45159java.util.stream.IntPipeline$Head@5db45159java.util.stream.IntPipeline$Head@5db45159java.util.stream.IntPipeline$Head@5db45159java.util.stream.IntPipeline$Head@5db45159java.util.stream.IntPipeline$Head@5db45159java.util.stream.IntPipeline$Head@5db45159java.util.stream.IntPipeline$Head@5db45159java.util.stream.IntPipeline$Head@5db45159java.util.stream.IntPipeline$Head@5db45159java.util.stream.IntPipeline$Head@5db45159java.util.stream.IntPipeline$Head@5db45159java.util.stream.IntPipeline$Head@5db45159java.util.stream.IntPipeline$Head@5db45159java.util.stream.IntPipeline$Head@5db45159java.util.stream.IntPipeline$Head@5db45159java.util.stream.IntPipeline$Head@5db45159java.util.stream.IntPipeline$Head@5db45159java.util.stream.IntPipeline$Head@5db45159java.util.stream.IntPipeline$Head@5db45159java.util.stream.IntPipeline$Head@5db45159java.util.stream.IntPipeline$Head@5db45159java.util.stream.IntPipeline$Head@5db45159java.util.stream.IntPipeline$Head@5db45159java.util.stream.IntPipeline$Head@5db45159java.util.stream.IntPipeline$Head@5db45159java.util.stream.IntPipeline$Head@5db45159java.util.stream.IntPipeline$Head@5db45159java.util.stream.IntPipeline$Head@5db45159java.util.stream.IntPipeline$Head@5db45159java.util.stream.IntPipeline$Head@5db45159java.util.stream.IntPipeline$Head@5db45159java.util.stream.IntPipeline$Head@5db45159java.util.stream.IntPipeline$Head@5db45159java.util.stream.IntPipeline$Head@5db45159java.util.stream.IntPipeline$Head@5db45159]]></system-out>
  </testcase>
  <testcase name="encryptTest_T1ll" classname="de.esentri.javabasics.CryptoServiceTest" time="0">
    <failure message="expected: &lt;Y1qq&gt; but was: &lt;null&gt;" type="org.opentest4j.AssertionFailedError"><![CDATA[org.opentest4j.AssertionFailedError: expected: <Y1qq> but was: <null>
	at de.esentri.javabasics.CryptoServiceTest.encryptTest_T1ll(CryptoServiceTest.java:26)
]]></failure>
    <system-out><![CDATA[Snhtqfx]]></system-out>
  </testcase>
  <testcase name="encryptTest_Satz" classname="de.esentri.javabasics.CryptoServiceTest" time="0">
    <failure message="expected: &lt;Jns lfsejw Xfye, btb!&gt; but was: &lt;null&gt;" type="org.opentest4j.AssertionFailedError"><![CDATA[org.opentest4j.AssertionFailedError: expected: <Jns lfsejw Xfye, btb!> but was: <null>
	at de.esentri.javabasics.CryptoServiceTest.encryptTest_Satz(CryptoServiceTest.java:44)
]]></failure>
    <system-out><![CDATA[Snhtqfx]]></system-out>
  </testcase>
  <testcase name="encryptTest_Nicolas" classname="de.esentri.javabasics.CryptoServiceTest" time="0">
    <failure message="expected: &lt;Snhtqfx&gt; but was: &lt;null&gt;" type="org.opentest4j.AssertionFailedError"><![CDATA[org.opentest4j.AssertionFailedError: expected: <Snhtqfx> but was: <null>
	at de.esentri.javabasics.CryptoServiceTest.encryptTest_Nicolas(CryptoServiceTest.java:17)
]]></failure>
    <system-out><![CDATA[Snhtqfx]]></system-out>
  </testcase>
  <testcase name="decryptTest_eEeeE" classname="de.esentri.javabasics.CryptoServiceTest" time="0.005">
    <failure message="expected: &lt;zZzzZ&gt; but was: &lt;null&gt;" type="org.opentest4j.AssertionFailedError"><![CDATA[org.opentest4j.AssertionFailedError: expected: <zZzzZ> but was: <null>
	at de.esentri.javabasics.CryptoServiceTest.decryptTest_eEeeE(CryptoServiceTest.java:71)
]]></failure>
    <system-out><![CDATA[

would you like to decrypt your text?
Continue? y/n
java.util.stream.IntPipeline$Head@45dd4edajava.util.stream.IntPipeline$Head@45dd4edajava.util.stream.IntPipeline$Head@45dd4edajava.util.stream.IntPipeline$Head@45dd4edajava.util.stream.IntPipeline$Head@45dd4edajava.util.stream.IntPipeline$Head@45dd4edajava.util.stream.IntPipeline$Head@45dd4edajava.util.stream.IntPipeline$Head@45dd4edajava.util.stream.IntPipeline$Head@45dd4edajava.util.stream.IntPipeline$Head@45dd4edajava.util.stream.IntPipeline$Head@45dd4edajava.util.stream.IntPipeline$Head@45dd4edajava.util.stream.IntPipeline$Head@45dd4edajava.util.stream.IntPipeline$Head@45dd4edajava.util.stream.IntPipeline$Head@45dd4edajava.util.stream.IntPipeline$Head@45dd4edajava.util.stream.IntPipeline$Head@45dd4edajava.util.stream.IntPipeline$Head@45dd4edajava.util.stream.IntPipeline$Head@45dd4edajava.util.stream.IntPipeline$Head@45dd4edajava.util.stream.IntPipeline$Head@45dd4edajava.util.stream.IntPipeline$Head@45dd4edajava.util.stream.IntPipeline$Head@45dd4edajava.util.stream.IntPipeline$Head@45dd4edajava.util.stream.IntPipeline$Head@45dd4edajava.util.stream.IntPipeline$Head@45dd4edajava.util.stream.IntPipeline$Head@45dd4edajava.util.stream.IntPipeline$Head@45dd4edajava.util.stream.IntPipeline$Head@45dd4edajava.util.stream.IntPipeline$Head@45dd4edajava.util.stream.IntPipeline$Head@45dd4edajava.util.stream.IntPipeline$Head@45dd4edajava.util.stream.IntPipeline$Head@45dd4edajava.util.stream.IntPipeline$Head@45dd4edajava.util.stream.IntPipeline$Head@45dd4edajava.util.stream.IntPipeline$Head@45dd4edajava.util.stream.IntPipeline$Head@45dd4edajava.util.stream.IntPipeline$Head@45dd4edajava.util.stream.IntPipeline$Head@45dd4edajava.util.stream.IntPipeline$Head@45dd4edajava.util.stream.IntPipeline$Head@45dd4edajava.util.stream.IntPipeline$Head@45dd4eda]]></system-out>
  </testcase>
</testsuite>